#-----------------------------------------------------------
# Vivado v2016.1 (64-bit)
# SW Build 1538259 on Fri Apr  8 15:45:27 MDT 2016
# IP Build 1537824 on Fri Apr  8 04:28:57 MDT 2016
# Start of session at: Sat Feb 15 18:48:14 2020
# Process ID: 416
# Current directory: C:/Users/VLSI/Desktop/movement
# Command line: vivado.exe -gui_launcher_event rodinguilauncherevent1644 C:\Users\VLSI\Desktop\movement\movement.xpr
# Log file: C:/Users/VLSI/Desktop/movement/vivado.log
# Journal file: C:/Users/VLSI/Desktop/movement\vivado.jou
#-----------------------------------------------------------
start_gui
open_project C:/Users/VLSI/Desktop/movement/movement.xpr
CRITICAL WARNING: [Project 1-19] Could not find the file 'C:/Users/VLSI/Desktop/Desktop/keyboard-20200213T082820Z-001/keyboard/keyboard.srcs/sources_1/new/kbInput.v'.
Scanning sources...
Finished scanning sources
INFO: [IP_Flow 19-234] Refreshing IP repositories
INFO: [IP_Flow 19-1704] No user IP repositories specified
INFO: [IP_Flow 19-2313] Loaded Vivado IP repository 'C:/Xilinx/Vivado/2016.1/data/ip'.
open_project: Time (s): cpu = 00:00:12 ; elapsed = 00:00:09 . Memory (MB): peak = 850.645 ; gain = 191.762
update_compile_order -fileset sources_1
close_project
****** Webtalk v2016.1 (64-bit)
  **** SW Build 1538259 on Fri Apr  8 15:45:27 MDT 2016
  **** IP Build 1537824 on Fri Apr  8 04:28:57 MDT 2016
    ** Copyright 1986-2016 Xilinx, Inc. All Rights Reserved.

source C:/Users/VLSI/Desktop/movement/movement.hw/webtalk/labtool_webtalk.tcl -notrace
INFO: [Common 17-206] Exiting Webtalk at Sat Feb 15 18:49:53 2020...
close_project: Time (s): cpu = 00:00:01 ; elapsed = 00:00:42 . Memory (MB): peak = 852.207 ; gain = 0.000
exit
INFO: [Common 17-206] Exiting Vivado at Sat Feb 15 18:50:12 2020...
