#-----------------------------------------------------------
# Vivado v2016.1 (64-bit)
# SW Build 1538259 on Fri Apr  8 15:45:27 MDT 2016
# IP Build 1537824 on Fri Apr  8 04:28:57 MDT 2016
# Start of session at: Sat Feb 15 11:59:07 2020
# Process ID: 5760
# Current directory: C:/Users/VLSI/Desktop/movement
# Command line: vivado.exe -gui_launcher_event rodinguilauncherevent8328 C:\Users\VLSI\Desktop\movement\movement.xpr
# Log file: C:/Users/VLSI/Desktop/movement/vivado.log
# Journal file: C:/Users/VLSI/Desktop/movement\vivado.jou
#-----------------------------------------------------------
start_gui
open_project C:/Users/VLSI/Desktop/movement/movement.xpr
INFO: [Project 1-313] Project file moved from 'C:/Users/VLSI/movement' since last save.
CRITICAL WARNING: [Project 1-311] Could not find the file 'C:/Users/VLSI/Desktop/Desktop/keyboard-20200213T082820Z-001/keyboard/keyboard.srcs/sources_1/new/kbInput.v', nor could it be found using path 'C:/Users/VLSI/Desktop/keyboard-20200213T082820Z-001/keyboard/keyboard.srcs/sources_1/new/kbInput.v'.
Scanning sources...
Finished scanning sources
INFO: [IP_Flow 19-234] Refreshing IP repositories
INFO: [IP_Flow 19-1704] No user IP repositories specified
INFO: [IP_Flow 19-2313] Loaded Vivado IP repository 'C:/Xilinx/Vivado/2016.1/data/ip'.
open_project: Time (s): cpu = 00:00:12 ; elapsed = 00:00:12 . Memory (MB): peak = 814.453 ; gain = 190.813
update_compile_order -fileset sources_1
close [ open C:/Users/VLSI/Desktop/movement/movement.srcs/sources_1/new/kbInput.v w ]
add_files C:/Users/VLSI/Desktop/movement/movement.srcs/sources_1/new/kbInput.v
update_compile_order -fileset sources_1
reset_run synth_1
launch_runs impl_1 -to_step write_bitstream -jobs 2
[Sat Feb 15 12:11:42 2020] Launched impl_1...
Run output will be captured here: C:/Users/VLSI/Desktop/movement/movement.runs/impl_1/runme.log
launch_runs: Time (s): cpu = 00:00:01 ; elapsed = 00:02:02 . Memory (MB): peak = 814.453 ; gain = 0.000
reset_run impl_1 -noclean_dir 
exit
INFO: [Common 17-206] Exiting Vivado at Sat Feb 15 12:13:14 2020...
