#-----------------------------------------------------------
# Vivado v2016.1 (64-bit)
# SW Build 1538259 on Fri Apr  8 15:45:27 MDT 2016
# IP Build 1537824 on Fri Apr  8 04:28:57 MDT 2016
# Start of session at: Fri Feb 14 18:20:56 2020
# Process ID: 7928
# Current directory: F:/movement
# Command line: vivado.exe -gui_launcher_event rodinguilauncherevent6920 F:\movement\movement.xpr
# Log file: F:/movement/vivado.log
# Journal file: F:/movement\vivado.jou
#-----------------------------------------------------------
start_gui
open_project F:/movement/movement.xpr
INFO: [Project 1-313] Project file moved from 'C:/Users/VLSI/movement' since last save.
CRITICAL WARNING: [Project 1-311] Could not find the file 'F:/Desktop/keyboard-20200213T082820Z-001/keyboard/keyboard.srcs/sources_1/new/kbInput.v', nor could it be found using path 'C:/Users/VLSI/Desktop/keyboard-20200213T082820Z-001/keyboard/keyboard.srcs/sources_1/new/kbInput.v'.
Scanning sources...
Finished scanning sources
INFO: [IP_Flow 19-234] Refreshing IP repositories
INFO: [IP_Flow 19-1704] No user IP repositories specified
INFO: [IP_Flow 19-2313] Loaded Vivado IP repository 'C:/Xilinx/Vivado/2016.1/data/ip'.
open_project: Time (s): cpu = 00:00:12 ; elapsed = 00:00:12 . Memory (MB): peak = 824.762 ; gain = 171.789
update_compile_order -fileset sources_1
